Using pre-set license
Built from '2020.3/staging' branch; Version is '2020.3.4f1 (0abb6314276a) revision 703331'; Using compiler version '192528614'; Build Type 'Release'
OS: 'Windows 10 Pro; OS build 19042.928; Version 2009; 64bit' Language: 'es' Physical Memory: 16249 MB
BatchMode: 1, IsHumanControllingUs: 0, StartBugReporterOnCrash: 0, Is64bit: 1, IsPro: 0

 COMMAND LINE ARGUMENTS:
C:\Program Files\Unity\Hub\Editor\2020.3.4f1\Editor\Unity.exe
-adb2
-batchMode
-noUpm
-name
AssetImportWorker0
-projectPath
C:/Users/Alberto/Documents/Developer/Unity project/MiPrimerJuego3D
-logFile
Logs/AssetImportWorker0.log
-srvPort
58964
Successfully changed project path to: C:/Users/Alberto/Documents/Developer/Unity project/MiPrimerJuego3D
C:/Users/Alberto/Documents/Developer/Unity project/MiPrimerJuego3D
Using Asset Import Pipeline V2.
Refreshing native plugins compatible for Editor in 154.29 ms, found 0 plugins.
Preloading 0 native plugins for Editor in 0.00 ms.
Initialize engine version: 2020.3.4f1 (0abb6314276a)
[Subsystems] Discovering subsystems at path C:/Program Files/Unity/Hub/Editor/2020.3.4f1/Editor/Data/Resources/UnitySubsystems
[Subsystems] Discovering subsystems at path C:/Users/Alberto/Documents/Developer/Unity project/MiPrimerJuego3D/Assets
GfxDevice: creating device client; threaded=0
Direct3D:
    Version:  Direct3D 11.0 [level 11.1]
    Renderer: Intel(R) HD Graphics 620 (ID=0x5916)
    Vendor:   
    VRAM:     8124 MB
    Driver:   27.20.100.8681
Initialize mono
Mono path[0] = 'C:/Program Files/Unity/Hub/Editor/2020.3.4f1/Editor/Data/Managed'
Mono path[1] = 'C:/Program Files/Unity/Hub/Editor/2020.3.4f1/Editor/Data/MonoBleedingEdge/lib/mono/unityjit'
Mono config path = 'C:/Program Files/Unity/Hub/Editor/2020.3.4f1/Editor/Data/MonoBleedingEdge/etc'
Using monoOptions --debugger-agent=transport=dt_socket,embedding=1,server=y,suspend=n,address=127.0.0.1:56496
Begin MonoManager ReloadAssembly
Registering precompiled unity dll's ...
Register platform support module: C:/Program Files/Unity/Hub/Editor/2020.3.4f1/Editor/Data/PlaybackEngines/WindowsStandaloneSupport/UnityEditor.WindowsStandalone.Extensions.dll
Registered in 0.011237 seconds.
Native extension for WindowsStandalone target not found
Refreshing native plugins compatible for Editor in 138.66 ms, found 0 plugins.
Preloading 0 native plugins for Editor in 0.00 ms.
Mono: successfully reloaded assembly
- Completed reload, in  7.273 seconds
Platform modules already initialized, skipping
Registering precompiled user dll's ...
Registered in 0.008592 seconds.
Begin MonoManager ReloadAssembly
Native extension for WindowsStandalone target not found
Refreshing native plugins compatible for Editor in 0.53 ms, found 0 plugins.
Preloading 0 native plugins for Editor in 0.00 ms.
Mono: successfully reloaded assembly
- Completed reload, in  2.327 seconds
Platform modules already initialized, skipping
========================================================================
Worker process is ready to serve import requests
Launched and connected shader compiler UnityShaderCompiler.exe after 0.06 seconds
Refreshing native plugins compatible for Editor in 0.87 ms, found 0 plugins.
Preloading 0 native plugins for Editor in 0.00 ms.
Unloading 1545 Unused Serialized files (Serialized files now loaded: 0)
System memory in use before: 95.5 MB.
System memory in use after: 95.3 MB.

Unloading 34 unused Assets to reduce memory usage. Loaded Objects now: 2002.
Total: 2.403500 ms (FindLiveObjects: 0.256800 ms CreateObjectMapping: 0.112700 ms MarkObjects: 1.648400 ms  DeleteObjects: 0.384300 ms)

========================================================================
Received Import Request.
  path: Assets/Standard Assets/CrossPlatformInput/Sprites/ButtonBrakeUpSprite.png
  artifactKey: Guid(827c9cd4a3943534f909ac6473e17288) Importer(815301076,1909f56bfc062723c751e8b465ee728b)
Start importing Assets/Standard Assets/CrossPlatformInput/Sprites/ButtonBrakeUpSprite.png using Guid(827c9cd4a3943534f909ac6473e17288) Importer(815301076,1909f56bfc062723c751e8b465ee728b)  -> (artifact id: '23a1a5830c371de7ed4d5d49c41376c1') in 0.518342 seconds
  Import took 0.541428 seconds .

========================================================================
Received Import Request.
  Time since last request: 0.000363 seconds.
  path: Assets/Standard Assets/CrossPlatformInput/Sprites/ButtonArrowOverSprite.png
  artifactKey: Guid(49b611e658efbf443b686a4036f74fe3) Importer(815301076,1909f56bfc062723c751e8b465ee728b)
Start importing Assets/Standard Assets/CrossPlatformInput/Sprites/ButtonArrowOverSprite.png using Guid(49b611e658efbf443b686a4036f74fe3) Importer(815301076,1909f56bfc062723c751e8b465ee728b)  -> (artifact id: 'e2d6b7d7be10c2bd23f9db43b55a8e56') in 0.157506 seconds
  Import took 0.161986 seconds .

========================================================================
Received Import Request.
  Time since last request: 0.000331 seconds.
  path: Assets/Standard Assets/CrossPlatformInput/Sprites/ButtonBrakeOverSprite.png
  artifactKey: Guid(5b1a64ea234fb2343b8d0686c51280de) Importer(815301076,1909f56bfc062723c751e8b465ee728b)
Start importing Assets/Standard Assets/CrossPlatformInput/Sprites/ButtonBrakeOverSprite.png using Guid(5b1a64ea234fb2343b8d0686c51280de) Importer(815301076,1909f56bfc062723c751e8b465ee728b)  -> (artifact id: 'cb6a75b779815a5654b55a7490735e6e') in 0.098255 seconds
  Import took 0.104802 seconds .

========================================================================
Received Import Request.
  Time since last request: 0.000320 seconds.
  path: Assets/Standard Assets/2D/Sprites/BackgroundGreyGridSprite.png
  artifactKey: Guid(cbbabe9e292f5604897926494bb38fef) Importer(815301076,1909f56bfc062723c751e8b465ee728b)
Start importing Assets/Standard Assets/2D/Sprites/BackgroundGreyGridSprite.png using Guid(cbbabe9e292f5604897926494bb38fef) Importer(815301076,1909f56bfc062723c751e8b465ee728b)  -> (artifact id: '1e0bea174ceaadb630d2f686529edac0') in 0.110197 seconds
  Import took 0.129022 seconds .

========================================================================
Received Import Request.
  Time since last request: 0.000217 seconds.
  path: Assets/Standard Assets/2D/Sprites/BackgroundNavyGridSprite.png
  artifactKey: Guid(1d0c184845252df44a655359de388cb8) Importer(815301076,1909f56bfc062723c751e8b465ee728b)
Start importing Assets/Standard Assets/2D/Sprites/BackgroundNavyGridSprite.png using Guid(1d0c184845252df44a655359de388cb8) Importer(815301076,1909f56bfc062723c751e8b465ee728b)  -> (artifact id: '6763b413cd2d1789e20fd9bda16d8c9b') in 0.123260 seconds
  Import took 0.127887 seconds .

========================================================================
Received Import Request.
  Time since last request: 0.000295 seconds.
  path: Assets/Standard Assets/CrossPlatformInput/Sprites/ButtonArrowUpSprite.png
  artifactKey: Guid(4db017495c69e8140a56a0e2b669e3f8) Importer(815301076,1909f56bfc062723c751e8b465ee728b)
Start importing Assets/Standard Assets/CrossPlatformInput/Sprites/ButtonArrowUpSprite.png using Guid(4db017495c69e8140a56a0e2b669e3f8) Importer(815301076,1909f56bfc062723c751e8b465ee728b)  -> (artifact id: 'f425ed2d51600ba317da3b34f048c0c5') in 0.108598 seconds
  Import took 0.113840 seconds .

========================================================================
Received Import Request.
  Time since last request: 0.000298 seconds.
  path: Assets/Standard Assets/CrossPlatformInput/Sprites/ButtonAcceleratorOverSprite.png
  artifactKey: Guid(eb5f6e2757c821940b69cf1456f7865a) Importer(815301076,1909f56bfc062723c751e8b465ee728b)
Start importing Assets/Standard Assets/CrossPlatformInput/Sprites/ButtonAcceleratorOverSprite.png using Guid(eb5f6e2757c821940b69cf1456f7865a) Importer(815301076,1909f56bfc062723c751e8b465ee728b)  -> (artifact id: '837038886b719d143b9f02c95efd8952') in 0.085637 seconds
  Import took 0.091345 seconds .

========================================================================
Received Import Request.
  Time since last request: 0.000368 seconds.
  path: Assets/Standard Assets/CrossPlatformInput/Sprites/ButtonAcceleratorUpSprite.png
  artifactKey: Guid(f588d850485d0ae479d73cf3bd0b7b00) Importer(815301076,1909f56bfc062723c751e8b465ee728b)
Start importing Assets/Standard Assets/CrossPlatformInput/Sprites/ButtonAcceleratorUpSprite.png using Guid(f588d850485d0ae479d73cf3bd0b7b00) Importer(815301076,1909f56bfc062723c751e8b465ee728b)  -> (artifact id: '2a95c6a10a624d1855c89a1a40169fed') in 0.090005 seconds
  Import took 0.094507 seconds .

========================================================================
Received Import Request.
  Time since last request: 26.540657 seconds.
  path: Assets/Standard Assets/CrossPlatformInput/Sprites/ButtonCameraCycleUpSprite.png
  artifactKey: Guid(a3983c59ebf804b4abba687bd7c9e92f) Importer(815301076,1909f56bfc062723c751e8b465ee728b)
Start importing Assets/Standard Assets/CrossPlatformInput/Sprites/ButtonCameraCycleUpSprite.png using Guid(a3983c59ebf804b4abba687bd7c9e92f) Importer(815301076,1909f56bfc062723c751e8b465ee728b)  -> (artifact id: '288db0ebd99aee553005138f805a6bbd') in 0.129609 seconds
  Import took 0.135244 seconds .

========================================================================
Received Import Request.
  Time since last request: 0.000282 seconds.
  path: Assets/Standard Assets/CrossPlatformInput/Sprites/ButtonResetSprite.png
  artifactKey: Guid(a94c9a7eb94ceec4a8d67a1890e22e51) Importer(815301076,1909f56bfc062723c751e8b465ee728b)
Start importing Assets/Standard Assets/CrossPlatformInput/Sprites/ButtonResetSprite.png using Guid(a94c9a7eb94ceec4a8d67a1890e22e51) Importer(815301076,1909f56bfc062723c751e8b465ee728b)  -> (artifact id: '463d1129c4bdf183b4ef2446f5fff69f') in 0.085346 seconds
  Import took 0.091737 seconds .

========================================================================
Received Import Request.
  Time since last request: 0.371546 seconds.
  path: Assets/Standard Assets/CrossPlatformInput/Sprites/ButtonSpacebarSprite.png
  artifactKey: Guid(3d8675433a508ec47b8f895201eacf20) Importer(815301076,1909f56bfc062723c751e8b465ee728b)
Start importing Assets/Standard Assets/CrossPlatformInput/Sprites/ButtonSpacebarSprite.png using Guid(3d8675433a508ec47b8f895201eacf20) Importer(815301076,1909f56bfc062723c751e8b465ee728b)  -> (artifact id: 'dcc01ee1f66f2be0ef581ee005f90ab1') in 0.200941 seconds
  Import took 0.207177 seconds .

========================================================================
Received Import Request.
  Time since last request: 0.000385 seconds.
  path: Assets/Standard Assets/CrossPlatformInput/Sprites/ButtonThumbstickOverSprite.png
  artifactKey: Guid(5485e2f56028a3c4cb54f5caa167377e) Importer(815301076,1909f56bfc062723c751e8b465ee728b)
Start importing Assets/Standard Assets/CrossPlatformInput/Sprites/ButtonThumbstickOverSprite.png using Guid(5485e2f56028a3c4cb54f5caa167377e) Importer(815301076,1909f56bfc062723c751e8b465ee728b)  -> (artifact id: '6343c0523afc388b963c3f102cbd0f8d') in 0.127080 seconds
  Import took 0.132449 seconds .

========================================================================
Received Import Request.
  Time since last request: 0.154808 seconds.
  path: Assets/Standard Assets/CrossPlatformInput/Sprites/ButtonThumbstickUpSprite.png
  artifactKey: Guid(9866a92691696b346901281f2b329034) Importer(815301076,1909f56bfc062723c751e8b465ee728b)
Start importing Assets/Standard Assets/CrossPlatformInput/Sprites/ButtonThumbstickUpSprite.png using Guid(9866a92691696b346901281f2b329034) Importer(815301076,1909f56bfc062723c751e8b465ee728b)  -> (artifact id: '1b327f0e9a894974c1b3c6900d2f8830') in 0.195500 seconds
  Import took 0.201526 seconds .

========================================================================
Received Import Request.
  Time since last request: 0.000394 seconds.
  path: Assets/Standard Assets/CrossPlatformInput/Sprites/ButtonTimescaleFullUpSprite.png
  artifactKey: Guid(0c6271a290ef75b4c97d58746c86c5b8) Importer(815301076,1909f56bfc062723c751e8b465ee728b)
Start importing Assets/Standard Assets/CrossPlatformInput/Sprites/ButtonTimescaleFullUpSprite.png using Guid(0c6271a290ef75b4c97d58746c86c5b8) Importer(815301076,1909f56bfc062723c751e8b465ee728b)  -> (artifact id: '23c7f03eda648f4dd223c5bef2fb6de5') in 0.128930 seconds
  Import took 0.133656 seconds .

========================================================================
Received Import Request.
  Time since last request: 0.183410 seconds.
  path: Assets/Standard Assets/CrossPlatformInput/Sprites/ButtonTimescaleSlowUpSprite.png
  artifactKey: Guid(9d7c6e4896067aa4fa512a00f692ac1c) Importer(815301076,1909f56bfc062723c751e8b465ee728b)
Start importing Assets/Standard Assets/CrossPlatformInput/Sprites/ButtonTimescaleSlowUpSprite.png using Guid(9d7c6e4896067aa4fa512a00f692ac1c) Importer(815301076,1909f56bfc062723c751e8b465ee728b)  -> (artifact id: '7916c1e8b5f6aca404dc25d0c1c7f7d9') in 0.160681 seconds
  Import took 0.165781 seconds .

========================================================================
Received Import Request.
  Time since last request: 0.000338 seconds.
  path: Assets/Standard Assets/2D/Sprites/CratePinkGridSprite.png
  artifactKey: Guid(12ef7cbdfe0e143fa858a324456c8979) Importer(815301076,1909f56bfc062723c751e8b465ee728b)
Start importing Assets/Standard Assets/2D/Sprites/CratePinkGridSprite.png using Guid(12ef7cbdfe0e143fa858a324456c8979) Importer(815301076,1909f56bfc062723c751e8b465ee728b)  -> (artifact id: 'c98a0d2728691b0071da8d7c8dc106b9') in 0.118984 seconds
  Import took 0.124752 seconds .

========================================================================
Received Import Request.
  Time since last request: 0.224771 seconds.
  path: Assets/SampleScenes/Textures/GUIReticle.png
  artifactKey: Guid(c03c72978d15ecb4d91060d3a10d14f0) Importer(815301076,1909f56bfc062723c751e8b465ee728b)
Start importing Assets/SampleScenes/Textures/GUIReticle.png using Guid(c03c72978d15ecb4d91060d3a10d14f0) Importer(815301076,1909f56bfc062723c751e8b465ee728b)  -> (artifact id: 'd238965416f827765218088230b6b716') in 0.117510 seconds
  Import took 0.123183 seconds .

========================================================================
Received Import Request.
  Time since last request: 0.000283 seconds.
  path: Assets/SampleScenes/Menu/Sprites/LogoUnitySprite.png
  artifactKey: Guid(7d6d5225d5a2b40e3959b66d13b6e29c) Importer(815301076,1909f56bfc062723c751e8b465ee728b)
Start importing Assets/SampleScenes/Menu/Sprites/LogoUnitySprite.png using Guid(7d6d5225d5a2b40e3959b66d13b6e29c) Importer(815301076,1909f56bfc062723c751e8b465ee728b)  -> (artifact id: '588e5dd802a68f2eaaab2c16eb51f35c') in 0.092249 seconds
  Import took 0.096922 seconds .

========================================================================
Received Import Request.
  Time since last request: 1.297200 seconds.
  path: Assets/SampleScenes/Menu/Sprites/MenuCornerTopRightSprite.png
  artifactKey: Guid(2b592d40fd47980478920e3ed65b0985) Importer(815301076,1909f56bfc062723c751e8b465ee728b)
Start importing Assets/SampleScenes/Menu/Sprites/MenuCornerTopRightSprite.png using Guid(2b592d40fd47980478920e3ed65b0985) Importer(815301076,1909f56bfc062723c751e8b465ee728b)  -> (artifact id: '87364a4ba848d883ce5f079874a01efc') in 0.208554 seconds
  Import took 0.226158 seconds .

========================================================================
Received Import Request.
  Time since last request: 0.000422 seconds.
  path: Assets/Standard Assets/2D/Sprites/PlatformWhiteSprite.png
  artifactKey: Guid(d90a8faf6fb9540b084ef2825cc3a5dc) Importer(815301076,1909f56bfc062723c751e8b465ee728b)
Start importing Assets/Standard Assets/2D/Sprites/PlatformWhiteSprite.png using Guid(d90a8faf6fb9540b084ef2825cc3a5dc) Importer(815301076,1909f56bfc062723c751e8b465ee728b)  -> (artifact id: '0361178184907f4430b3de0e9df106aa') in 0.083277 seconds
  Import took 0.088503 seconds .

========================================================================
Received Import Request.
  Time since last request: 0.000328 seconds.
  path: Assets/Standard Assets/2D/Sprites/RobotBoyCrouchSprite.png
  artifactKey: Guid(d40c191aa46654db7a426d6a1fa3aa30) Importer(815301076,1909f56bfc062723c751e8b465ee728b)
Start importing Assets/Standard Assets/2D/Sprites/RobotBoyCrouchSprite.png using Guid(d40c191aa46654db7a426d6a1fa3aa30) Importer(815301076,1909f56bfc062723c751e8b465ee728b)  -> (artifact id: 'dd3977e8ae0e20ca86a21cafc5a31299') in 0.307497 seconds
  Import took 0.313059 seconds .

========================================================================
Received Import Request.
  Time since last request: 0.002224 seconds.
  path: Assets/Standard Assets/2D/Sprites/RobotBoyCrouchSprite.png
  artifactKey: Guid(d40c191aa46654db7a426d6a1fa3aa30) Importer(815301076,1909f56bfc062723c751e8b465ee728b)
Start importing Assets/Standard Assets/2D/Sprites/RobotBoyCrouchSprite.png using Guid(d40c191aa46654db7a426d6a1fa3aa30) Importer(815301076,1909f56bfc062723c751e8b465ee728b)  -> (artifact id: 'dd3977e8ae0e20ca86a21cafc5a31299') in 0.153236 seconds
  Import took 0.159377 seconds .

========================================================================
Received Import Request.
  Time since last request: 1.803241 seconds.
  path: Assets/Standard Assets/2D/Sprites/RobotBoyDeathSprite.png
  artifactKey: Guid(f45a39483cf4f914a816af821c9262bb) Importer(815301076,1909f56bfc062723c751e8b465ee728b)
Start importing Assets/Standard Assets/2D/Sprites/RobotBoyDeathSprite.png using Guid(f45a39483cf4f914a816af821c9262bb) Importer(815301076,1909f56bfc062723c751e8b465ee728b)  -> (artifact id: '7b27ecbe5db413ec789892bfe73a0287') in 0.270238 seconds
  Import took 0.275106 seconds .

========================================================================
Received Import Request.
  Time since last request: 0.013448 seconds.
  path: Assets/Standard Assets/2D/Sprites/RobotBoyDeathSprite.png
  artifactKey: Guid(f45a39483cf4f914a816af821c9262bb) Importer(815301076,1909f56bfc062723c751e8b465ee728b)
Start importing Assets/Standard Assets/2D/Sprites/RobotBoyDeathSprite.png using Guid(f45a39483cf4f914a816af821c9262bb) Importer(815301076,1909f56bfc062723c751e8b465ee728b)  -> (artifact id: '7b27ecbe5db413ec789892bfe73a0287') in 0.189395 seconds
  Import took 0.195255 seconds .

========================================================================
Received Import Request.
  Time since last request: 2.168418 seconds.
  path: Assets/Standard Assets/2D/Sprites/RobotBoyIdleSprite.png
  artifactKey: Guid(8fb98a6035269e64a998f9b56828fc4f) Importer(815301076,1909f56bfc062723c751e8b465ee728b)
Start importing Assets/Standard Assets/2D/Sprites/RobotBoyIdleSprite.png using Guid(8fb98a6035269e64a998f9b56828fc4f) Importer(815301076,1909f56bfc062723c751e8b465ee728b)  -> (artifact id: 'f35d7381b70bcff776d0aad4d0ec2e3c') in 0.417066 seconds
  Import took 0.421496 seconds .

========================================================================
Received Import Request.
  Time since last request: 0.005291 seconds.
  path: Assets/Standard Assets/2D/Sprites/RobotBoyIdleSprite.png
  artifactKey: Guid(8fb98a6035269e64a998f9b56828fc4f) Importer(815301076,1909f56bfc062723c751e8b465ee728b)
Start importing Assets/Standard Assets/2D/Sprites/RobotBoyIdleSprite.png using Guid(8fb98a6035269e64a998f9b56828fc4f) Importer(815301076,1909f56bfc062723c751e8b465ee728b)  -> (artifact id: 'f35d7381b70bcff776d0aad4d0ec2e3c') in 0.242735 seconds
  Import took 0.249737 seconds .

========================================================================
Received Import Request.
  Time since last request: 5.054145 seconds.
  path: Assets/Standard Assets/2D/Sprites/RobotBoyJumpSprite.png
  artifactKey: Guid(9e1a2edf6149977479db158e4fbf9671) Importer(815301076,1909f56bfc062723c751e8b465ee728b)
Start importing Assets/Standard Assets/2D/Sprites/RobotBoyJumpSprite.png using Guid(9e1a2edf6149977479db158e4fbf9671) Importer(815301076,1909f56bfc062723c751e8b465ee728b)  -> (artifact id: '786503bcf8475b98af56383dca7897c5') in 0.329591 seconds
  Import took 0.334593 seconds .

========================================================================
Received Import Request.
  Time since last request: 0.000327 seconds.
  path: Assets/Standard Assets/2D/Sprites/RobotBoyRollSprite.png
  artifactKey: Guid(fc67a9002ed4034419f91d0d85bd6b24) Importer(815301076,1909f56bfc062723c751e8b465ee728b)
Start importing Assets/Standard Assets/2D/Sprites/RobotBoyRollSprite.png using Guid(fc67a9002ed4034419f91d0d85bd6b24) Importer(815301076,1909f56bfc062723c751e8b465ee728b)  -> (artifact id: 'd4c6f915c1f2193ba84ff97947074958') in 0.352233 seconds
  Import took 0.357000 seconds .

========================================================================
Received Import Request.
  Time since last request: 0.000235 seconds.
  path: Assets/Standard Assets/2D/Sprites/RobotBoyRunSprite.png
  artifactKey: Guid(803baf1ea73913f46b25e07d0a79df22) Importer(815301076,1909f56bfc062723c751e8b465ee728b)
Start importing Assets/Standard Assets/2D/Sprites/RobotBoyRunSprite.png using Guid(803baf1ea73913f46b25e07d0a79df22) Importer(815301076,1909f56bfc062723c751e8b465ee728b)  -> (artifact id: '8864525ef72f936aa2220fb1436cc3cb') in 0.320051 seconds
  Import took 0.325107 seconds .

========================================================================
Received Import Request.
  Time since last request: 1.021337 seconds.
  path: Assets/Standard Assets/2D/Sprites/RobotBoyWalkSprite.png
  artifactKey: Guid(feda0c18015b3284cabbc0da85254f9a) Importer(815301076,1909f56bfc062723c751e8b465ee728b)
Start importing Assets/Standard Assets/2D/Sprites/RobotBoyWalkSprite.png using Guid(feda0c18015b3284cabbc0da85254f9a) Importer(815301076,1909f56bfc062723c751e8b465ee728b)  -> (artifact id: 'ba3f035b0a2fd28f6a1ce55a1faea9cd') in 0.263297 seconds
  Import took 0.266772 seconds .

========================================================================
Received Import Request.
  Time since last request: 0.000404 seconds.
  path: Assets/Standard Assets/2D/Sprites/RobotBoyWalkSprite.png
  artifactKey: Guid(feda0c18015b3284cabbc0da85254f9a) Importer(815301076,1909f56bfc062723c751e8b465ee728b)
Start importing Assets/Standard Assets/2D/Sprites/RobotBoyWalkSprite.png using Guid(feda0c18015b3284cabbc0da85254f9a) Importer(815301076,1909f56bfc062723c751e8b465ee728b)  -> (artifact id: 'ba3f035b0a2fd28f6a1ce55a1faea9cd') in 0.106109 seconds
  Import took 0.112252 seconds .

========================================================================
Received Import Request.
  Time since last request: 0.000273 seconds.
  path: Assets/Standard Assets/CrossPlatformInput/Sprites/SliderHandleSprite.png
  artifactKey: Guid(0626b924325d1c34cafa6b22297f4e4f) Importer(815301076,1909f56bfc062723c751e8b465ee728b)
Start importing Assets/Standard Assets/CrossPlatformInput/Sprites/SliderHandleSprite.png using Guid(0626b924325d1c34cafa6b22297f4e4f) Importer(815301076,1909f56bfc062723c751e8b465ee728b)  -> (artifact id: '1cfe33292863b240960162634628cd18') in 0.068046 seconds
  Import took 0.075089 seconds .

========================================================================
Received Import Request.
  Time since last request: 0.000289 seconds.
  path: Assets/Standard Assets/CrossPlatformInput/Sprites/SliderBackgroundSprite.png
  artifactKey: Guid(ea5873cfd9158664f89459f0c9e1d853) Importer(815301076,1909f56bfc062723c751e8b465ee728b)
Start importing Assets/Standard Assets/CrossPlatformInput/Sprites/SliderBackgroundSprite.png using Guid(ea5873cfd9158664f89459f0c9e1d853) Importer(815301076,1909f56bfc062723c751e8b465ee728b)  -> (artifact id: '8099524f502f96686fcd98ea1ca37853') in 0.087702 seconds
  Import took 0.108522 seconds .

========================================================================
Received Import Request.
  Time since last request: 0.000236 seconds.
  path: Assets/Standard Assets/CrossPlatformInput/Sprites/TouchpadSprite.png
  artifactKey: Guid(e4f1fee3de32377429fd1348fae62b10) Importer(815301076,1909f56bfc062723c751e8b465ee728b)
Start importing Assets/Standard Assets/CrossPlatformInput/Sprites/TouchpadSprite.png using Guid(e4f1fee3de32377429fd1348fae62b10) Importer(815301076,1909f56bfc062723c751e8b465ee728b)  -> (artifact id: '0fa97f60462a24116930e866bbb6aff9') in 0.114321 seconds
  Import took 0.154335 seconds .

========================================================================
Received Prepare
Registering precompiled user dll's ...
Registered in 0.008526 seconds.
Begin MonoManager ReloadAssembly
Native extension for WindowsStandalone target not found
Refreshing native plugins compatible for Editor in 0.54 ms, found 0 plugins.
Preloading 0 native plugins for Editor in 0.00 ms.
Mono: successfully reloaded assembly
- Completed reload, in  1.335 seconds
Platform modules already initialized, skipping
Refreshing native plugins compatible for Editor in 0.95 ms, found 0 plugins.
Preloading 0 native plugins for Editor in 0.00 ms.
Unloading 1519 Unused Serialized files (Serialized files now loaded: 0)
System memory in use before: 96.5 MB.
System memory in use after: 96.3 MB.

Unloading 25 unused Assets to reduce memory usage. Loaded Objects now: 2018.
Total: 5.294700 ms (FindLiveObjects: 0.195600 ms CreateObjectMapping: 0.070900 ms MarkObjects: 4.421200 ms  DeleteObjects: 0.605300 ms)

========================================================================
Received Import Request.
  Time since last request: 666.223135 seconds.
  path: Assets/Circle.png
  artifactKey: Guid(912f647701e6eff408f96068c6e7b7fc) Importer(815301076,1909f56bfc062723c751e8b465ee728b)
Start importing Assets/Circle.png using Guid(912f647701e6eff408f96068c6e7b7fc) Importer(815301076,1909f56bfc062723c751e8b465ee728b)  -> (artifact id: '93e87a1144de48a7c21016f01f9ad7b4') in 0.052035 seconds
  Import took 0.073611 seconds .

========================================================================
Received Import Request.
  Time since last request: 75.998291 seconds.
  path: Assets/Circle.png
  artifactKey: Guid(912f647701e6eff408f96068c6e7b7fc) Importer(815301076,1909f56bfc062723c751e8b465ee728b)
Start importing Assets/Circle.png using Guid(912f647701e6eff408f96068c6e7b7fc) Importer(815301076,1909f56bfc062723c751e8b465ee728b)  -> (artifact id: '9241b7bd3257edbbd59630dba1634565') in 0.125729 seconds
  Import took 0.131425 seconds .

========================================================================
Received Prepare
Registering precompiled user dll's ...
Registered in 0.004473 seconds.
Begin MonoManager ReloadAssembly
Native extension for WindowsStandalone target not found
Refreshing native plugins compatible for Editor in 0.65 ms, found 0 plugins.
Preloading 0 native plugins for Editor in 0.00 ms.
Mono: successfully reloaded assembly
- Completed reload, in  1.103 seconds
Platform modules already initialized, skipping
Refreshing native plugins compatible for Editor in 0.54 ms, found 0 plugins.
Preloading 0 native plugins for Editor in 0.00 ms.
Unloading 1519 Unused Serialized files (Serialized files now loaded: 0)
System memory in use before: 96.5 MB.
System memory in use after: 96.3 MB.

Unloading 25 unused Assets to reduce memory usage. Loaded Objects now: 2022.
Total: 3.011500 ms (FindLiveObjects: 0.301300 ms CreateObjectMapping: 0.109300 ms MarkObjects: 2.081900 ms  DeleteObjects: 0.517100 ms)

========================================================================
Received Import Request.
  Time since last request: 224.085442 seconds.
  path: Assets/Circle_borde.png
  artifactKey: Guid(e0dd9bb5169dba04ba9ed981ab51379f) Importer(815301076,1909f56bfc062723c751e8b465ee728b)
Start importing Assets/Circle_borde.png using Guid(e0dd9bb5169dba04ba9ed981ab51379f) Importer(815301076,1909f56bfc062723c751e8b465ee728b)  -> (artifact id: 'a89b9c62b20a53f265a5c007554ebfa2') in 0.057026 seconds
  Import took 0.061528 seconds .

========================================================================
Received Import Request.
  Time since last request: 11.627074 seconds.
  path: Assets/Circle_borde.png
  artifactKey: Guid(e0dd9bb5169dba04ba9ed981ab51379f) Importer(815301076,1909f56bfc062723c751e8b465ee728b)
Start importing Assets/Circle_borde.png using Guid(e0dd9bb5169dba04ba9ed981ab51379f) Importer(815301076,1909f56bfc062723c751e8b465ee728b)  -> (artifact id: 'ca858549e598230c4b125e1fc5c6d688') in 0.063364 seconds
  Import took 0.068570 seconds .

========================================================================
Received Prepare
Registering precompiled user dll's ...
Registered in 0.003911 seconds.
Begin MonoManager ReloadAssembly
Native extension for WindowsStandalone target not found
Refreshing native plugins compatible for Editor in 1.11 ms, found 0 plugins.
Preloading 0 native plugins for Editor in 0.00 ms.
Mono: successfully reloaded assembly
- Completed reload, in  2.090 seconds
Platform modules already initialized, skipping
Refreshing native plugins compatible for Editor in 0.51 ms, found 0 plugins.
Preloading 0 native plugins for Editor in 0.00 ms.
Unloading 1519 Unused Serialized files (Serialized files now loaded: 0)
System memory in use before: 96.5 MB.
System memory in use after: 96.3 MB.

Unloading 25 unused Assets to reduce memory usage. Loaded Objects now: 2026.
Total: 3.487500 ms (FindLiveObjects: 0.314800 ms CreateObjectMapping: 0.116600 ms MarkObjects: 2.479700 ms  DeleteObjects: 0.574200 ms)

========================================================================
Received Import Request.
  Time since last request: 432.477217 seconds.
  path: ProjectSettings/TagManager.asset
  artifactKey: Guid(00000000000000003000000000000000) Importer(815301076,1909f56bfc062723c751e8b465ee728b)
Start importing ProjectSettings/TagManager.asset using Guid(00000000000000003000000000000000) Importer(815301076,1909f56bfc062723c751e8b465ee728b)  -> (artifact id: '7dadf7c5eeb2660b051deacccc10127d') in 0.056025 seconds
  Import took 0.062437 seconds .

========================================================================
Received Import Request.
  Time since last request: 253.540814 seconds.
  path: Assets/map_character.mat
  artifactKey: Guid(5d9c0209c1f80b24f8bbf878f6b9b779) Importer(815301076,1909f56bfc062723c751e8b465ee728b)
Start importing Assets/map_character.mat using Guid(5d9c0209c1f80b24f8bbf878f6b9b779) Importer(815301076,1909f56bfc062723c751e8b465ee728b)  -> (artifact id: '952979b1e42f9dfa7df637a457eb2ec8') in 0.199834 seconds
  Import took 0.204960 seconds .

========================================================================
Received Import Request.
  Time since last request: 491.057327 seconds.
  path: Assets/map_coin.mat
  artifactKey: Guid(1dac5492341f49443bccbadc195470f1) Importer(815301076,1909f56bfc062723c751e8b465ee728b)
Start importing Assets/map_coin.mat using Guid(1dac5492341f49443bccbadc195470f1) Importer(815301076,1909f56bfc062723c751e8b465ee728b)  -> (artifact id: 'd109839cb981a8d698bb34eaca79a32a') in 0.026470 seconds
  Import took 0.031840 seconds .

========================================================================
Received Import Request.
  Time since last request: 206.078016 seconds.
  path: Assets/map_character.mat
  artifactKey: Guid(5d9c0209c1f80b24f8bbf878f6b9b779) Importer(815301076,1909f56bfc062723c751e8b465ee728b)
Start importing Assets/map_character.mat using Guid(5d9c0209c1f80b24f8bbf878f6b9b779) Importer(815301076,1909f56bfc062723c751e8b465ee728b)  -> (artifact id: 'cb4f3f45f4a67d0f447618e9c9f165b8') in 0.034897 seconds
  Import took 0.040754 seconds .

========================================================================
Received Import Request.
  Time since last request: 0.000306 seconds.
  path: Assets/map_coin_marker.mat
  artifactKey: Guid(1dac5492341f49443bccbadc195470f1) Importer(815301076,1909f56bfc062723c751e8b465ee728b)
Start importing Assets/map_coin_marker.mat using Guid(1dac5492341f49443bccbadc195470f1) Importer(815301076,1909f56bfc062723c751e8b465ee728b)  -> (artifact id: 'b55743977d3d0ed81e0fd4ac25665f95') in 0.032108 seconds
  Import took 0.036888 seconds .

========================================================================
Received Prepare
Registering precompiled user dll's ...
Registered in 0.005275 seconds.
Begin MonoManager ReloadAssembly
Native extension for WindowsStandalone target not found
Refreshing native plugins compatible for Editor in 0.56 ms, found 0 plugins.
Preloading 0 native plugins for Editor in 0.00 ms.
Mono: successfully reloaded assembly
- Completed reload, in  1.949 seconds
Platform modules already initialized, skipping
Refreshing native plugins compatible for Editor in 1.14 ms, found 0 plugins.
Preloading 0 native plugins for Editor in 0.00 ms.
Unloading 1519 Unused Serialized files (Serialized files now loaded: 0)
System memory in use before: 96.8 MB.
System memory in use after: 96.6 MB.

Unloading 26 unused Assets to reduce memory usage. Loaded Objects now: 2066.
Total: 3.029500 ms (FindLiveObjects: 0.255400 ms CreateObjectMapping: 0.098200 ms MarkObjects: 2.190600 ms  DeleteObjects: 0.483200 ms)

========================================================================
Received Prepare
Registering precompiled user dll's ...
Registered in 0.021117 seconds.
Begin MonoManager ReloadAssembly
Native extension for WindowsStandalone target not found
Refreshing native plugins compatible for Editor in 1.06 ms, found 0 plugins.
Preloading 0 native plugins for Editor in 0.00 ms.
Mono: successfully reloaded assembly
- Completed reload, in  3.110 seconds
Platform modules already initialized, skipping
Refreshing native plugins compatible for Editor in 0.59 ms, found 0 plugins.
Preloading 0 native plugins for Editor in 0.00 ms.
Unloading 1519 Unused Serialized files (Serialized files now loaded: 0)
System memory in use before: 96.8 MB.
System memory in use after: 96.6 MB.

Unloading 25 unused Assets to reduce memory usage. Loaded Objects now: 2069.
Total: 7.641600 ms (FindLiveObjects: 0.871700 ms CreateObjectMapping: 0.523900 ms MarkObjects: 5.447300 ms  DeleteObjects: 0.796200 ms)

========================================================================
Received Prepare
Registering precompiled user dll's ...
Registered in 0.006661 seconds.
Begin MonoManager ReloadAssembly
Native extension for WindowsStandalone target not found
Refreshing native plugins compatible for Editor in 0.96 ms, found 0 plugins.
Preloading 0 native plugins for Editor in 0.00 ms.
Mono: successfully reloaded assembly
- Completed reload, in  2.274 seconds
Platform modules already initialized, skipping
Refreshing native plugins compatible for Editor in 1.15 ms, found 0 plugins.
Preloading 0 native plugins for Editor in 0.00 ms.
Unloading 1519 Unused Serialized files (Serialized files now loaded: 0)
System memory in use before: 96.8 MB.
System memory in use after: 96.6 MB.

Unloading 25 unused Assets to reduce memory usage. Loaded Objects now: 2072.
Total: 7.409300 ms (FindLiveObjects: 0.360800 ms CreateObjectMapping: 0.187600 ms MarkObjects: 6.027300 ms  DeleteObjects: 0.830900 ms)

========================================================================
Received Prepare
Registering precompiled user dll's ...
Registered in 0.015870 seconds.
Begin MonoManager ReloadAssembly
Native extension for WindowsStandalone target not found
Refreshing native plugins compatible for Editor in 0.80 ms, found 0 plugins.
Preloading 0 native plugins for Editor in 0.00 ms.
Mono: successfully reloaded assembly
- Completed reload, in  2.859 seconds
Platform modules already initialized, skipping
Refreshing native plugins compatible for Editor in 0.54 ms, found 0 plugins.
Preloading 0 native plugins for Editor in 0.00 ms.
Unloading 1519 Unused Serialized files (Serialized files now loaded: 0)
System memory in use before: 96.8 MB.
System memory in use after: 96.6 MB.

Unloading 25 unused Assets to reduce memory usage. Loaded Objects now: 2075.
Total: 5.720200 ms (FindLiveObjects: 0.289300 ms CreateObjectMapping: 0.106500 ms MarkObjects: 2.209700 ms  DeleteObjects: 3.112200 ms)

